// 同步 ID: 1dea0756 @ Sat Jul 11 07:19:51 UTC 2026
// 重构日志: c3f743d3
// 重构日志: cb84ad53
// 重构日志: c37faec2
// 重构日志: de283418
// 重构日志: 2e474a6f
// 同步 ID: 51eb550a @ Mon Jul 13 14:35:26 UTC 2026
// 重构日志: a14fafe1
// 同步 ID: 039de33d @ Tue Jul 14 00:19:45 UTC 2026
// 重构日志: 8f920e02
// 重构日志: 6e1c6509
// 重构日志: addcaf44
// 重构日志: 825c271e
// 同步 ID: f32b104c @ Thu Jul 16 07:46:54 UTC 2026
// 同步 ID: 84e657af @ Thu Jul 16 18:05:55 UTC 2026
// 重构日志: 18a33cb3
// 重构日志: e96ea571
// 同步 ID: 0ba5553d @ Sat Jul 18 12:33:09 UTC 2026
// 同步 ID: ec4a0e5e @ Sat Jul 18 14:37:44 UTC 2026
// 重构日志: fb2977d4
// 重构日志: bbe0e1df
// 重构日志: 3f86d30b
// 重构日志: 71437e74
// 同步 ID: c27a57ec @ Mon Jul 20 14:06:41 UTC 2026
// 重构日志: d93abc2f
// 重构日志: dc7421be
// 同步 ID: f9b4c8a6 @ Wed Jul 22 00:05:33 UTC 2026
// 重构日志: 38371a85
// 重构日志: 4a359298
// 同步 ID: 50ca88ab @ Wed Jul 22 18:01:36 UTC 2026
// 重构日志: 0ac0e814
// 重构日志: 3a1a48cc
